
ROM used: 690 (8%)
          690 (8%) including unused fragments

          1 Average locations per line
          8 Average locations per statement

RAM used: 20 (5%) at main() level
          40 (11%) worst case

Stack used: 2 worst case (out of 8 total available)

Lines Stmts  %   Files
----- ----- ---  -----
  170    89 100  Correo.c
   20     0   0  Correo.h
  425     0   0  ..\..\..\..\..\..\..\Program Files (x86)\PICC\devices\16F887.h
----- -----
  615    89 Total

Page ROM  %  RAM   Vol Diff  Functions:
---- --- --- ---   --- ----  ----------
0     28   4   2   149  3.9  serial
0    436  63   1  3483  8.9  MAIN
0     29   4   2             @ITOF
0    117  17  13             @MULFF
0     31   4   4             @SFTOI

Program metrics:
    Functions               2
    Statements              89
    Comments                131
    Volume (V)              3816
    Difficilty (D)          13.1
    Effort to implement (E) 49941
    Time to implement (T)   46 minutes
    Est Delivered Bugs (B)  0
    Cyclomatic Complexity   8
    Maintainability (MI)    68

 Segment     Used  Free
-----------  ----  ----
00000-00003     4  0  
00004-00030    45  0  
00031-007FF   641  1358  
00800-00FFF     0  2048  
01000-017FF     0  2048  
01800-01FFF     0  2048  



