
ROM used: 133 (2%)
          133 (2%) including unused fragments

          0 Average locations per line
          5 Average locations per statement

RAM used: 5 (1%) at main() level
          7 (2%) worst case

Stack used: 0 worst case (out of 8 total available)

Lines Stmts  %   Files
----- ----- ---  -----
   60    27 100  main.c
  425     0   0  ..\..\..\..\..\Program Files (x86)\PICC\devices\16F887.h
----- -----
  485    27 Total

Page ROM  %  RAM   Vol Diff  Functions:
---- --- --- ---   --- ----  ----------
0    129  97   0   658  4.9  main

Program metrics:
    Functions               1
    Statements              27
    Comments                84
    Volume (V)              658
    Difficilty (D)          4.9
    Effort to implement (E) 3227
    Time to implement (T)   3 minutes
    Est Delivered Bugs (B)  0
    Cyclomatic Complexity   2
    Maintainability (MI)    133

 Segment     Used  Free
-----------  ----  ----
00000-00003     4  0  
00004-007FF   129  1915  
00800-00FFF     0  2048  
01000-017FF     0  2048  
01800-01FFF     0  2048  



