
ROM used: 430 (5%)
          430 (5%) including unused fragments

          1 Average locations per line
          12 Average locations per statement

RAM used: 6 (2%) at main() level
          23 (6%) worst case

Stack used: 1 worst case (out of 8 total available)

Lines Stmts  %   Files
----- ----- ---  -----
   56    35 100  main.c
   20     0   0  main.h
  425     0   0  ..\..\..\..\..\..\..\Program Files (x86)\PICC\devices\16F887.h
----- -----
  501    35 Total

Page ROM  %  RAM   Vol Diff  Functions:
---- --- --- ---   --- ----  ----------
0    249  58   0  1054  6.4  main
0     29   7   2             @ITOF
0    117  27  13             @MULFF
0     31   7   4             @SFTOI

Program metrics:
    Functions               1
    Statements              35
    Comments                87
    Volume (V)              1062
    Difficilty (D)          6.2
    Effort to implement (E) 6561
    Time to implement (T)   6 minutes
    Est Delivered Bugs (B)  0
    Cyclomatic Complexity   2
    Maintainability (MI)    124

 Segment     Used  Free
-----------  ----  ----
00000-00003     4  0  
00004-007FF   426  1618  
00800-00FFF     0  2048  
01000-017FF     0  2048  
01800-01FFF     0  2048  



